Copyright 1986-2022 Xilinx, Inc. All Rights Reserved. Copyright 2022-2024 Advanced Micro Devices, Inc. All Rights Reserved.
----------------------------------------------------------------------------------------------------------------------------------------------------------
| Tool Version     : Vivado v.2024.1 (win64) Build 5076996 Wed May 22 18:37:14 MDT 2024
| Date             : Sun Nov 10 10:35:18 2024
| Host             : DESKTOP-HTVV1N1 running 64-bit major release  (build 9200)
| Command          : report_power -file zynq_wrapper_power_routed.rpt -pb zynq_wrapper_power_summary_routed.pb -rpx zynq_wrapper_power_routed.rpx
| Design           : zynq_wrapper
| Device           : xck26-sfvc784-2LV-c
| Design State     : routed
| Grade            : commercial
| Process          : typical
| Characterization : Production
----------------------------------------------------------------------------------------------------------------------------------------------------------

Power Report

Table of Contents
-----------------
1. Summary
1.1 On-Chip Components
1.2 Power Supply Summary
1.3 Confidence Level
2. Settings
2.1 Environment
2.2 Clock Constraints
3. Detailed Reports
3.1 By Hierarchy

1. Summary
----------

+--------------------------+--------------+
| Total On-Chip Power (W)  | 2.871        |
| Design Power Budget (W)  | Unspecified* |
| Power Budget Margin (W)  | NA           |
| Dynamic (W)              | 2.547        |
| Device Static (W)        | 0.324        |
| Effective TJA (C/W)      | 2.3          |
| Max Ambient (C)          | 78.3         |
| Junction Temperature (C) | 31.7         |
| Confidence Level         | Medium       |
| Setting File             | ---          |
| Simulation Activity File | ---          |
| Design Nets Matched      | NA           |
+--------------------------+--------------+
* Specify Design Power Budget using, set_operating_conditions -design_power_budget <value in Watts>


1.1 On-Chip Components
----------------------

+----------------+-----------+----------+-----------+-----------------+
| On-Chip        | Power (W) | Used     | Available | Utilization (%) |
+----------------+-----------+----------+-----------+-----------------+
| Clocks         |    <0.001 |        4 |       --- |             --- |
| CLB Logic      |    <0.001 |      151 |       --- |             --- |
|   LUT as Logic |    <0.001 |       79 |    117120 |            0.07 |
|   CARRY8       |    <0.001 |        6 |     14640 |            0.04 |
|   Register     |    <0.001 |       50 |    234240 |            0.02 |
|   Others       |     0.000 |        6 |       --- |             --- |
| Signals        |    <0.001 |      105 |       --- |             --- |
| I/O            |    <0.001 |        1 |       189 |            0.53 |
| PS8            |     2.546 |        1 |       --- |             --- |
| Static Power   |     0.324 |          |           |                 |
|   PS Static    |     0.000 |          |           |                 |
|   PL Static    |     0.324 |          |           |                 |
| Total          |     2.871 |          |           |                 |
+----------------+-----------+----------+-----------+-----------------+


1.2 Power Supply Summary
------------------------

+-----------------+-------------+-----------+-------------+------------+-------------+-------------+------------+
| Source          | Voltage (V) | Total (A) | Dynamic (A) | Static (A) | Powerup (A) | Budget (A)  | Margin (A) |
+-----------------+-------------+-----------+-------------+------------+-------------+-------------+------------+
| Vccint          |       0.720 |     0.089 |       0.002 |      0.087 |       NA    | Unspecified | NA         |
| Vccint_io       |       0.850 |     0.036 |       0.000 |      0.036 |       NA    | Unspecified | NA         |
| Vccbram         |       0.850 |     0.001 |       0.000 |      0.001 |       NA    | Unspecified | NA         |
| Vccaux          |       1.800 |     0.075 |       0.000 |      0.075 |       NA    | Unspecified | NA         |
| Vccaux_io       |       1.800 |     0.031 |       0.000 |      0.031 |       NA    | Unspecified | NA         |
| Vcco33          |       3.300 |     0.007 |       0.000 |      0.007 |       NA    | Unspecified | NA         |
| Vcco25          |       2.500 |     0.000 |       0.000 |      0.000 |       NA    | Unspecified | NA         |
| Vcco18          |       1.800 |     0.000 |       0.000 |      0.000 |       NA    | Unspecified | NA         |
| Vcco15          |       1.500 |     0.000 |       0.000 |      0.000 |       NA    | Unspecified | NA         |
| Vcco135         |       1.350 |     0.000 |       0.000 |      0.000 |       NA    | Unspecified | NA         |
| Vcco12          |       1.200 |     0.000 |       0.000 |      0.000 |       NA    | Unspecified | NA         |
| Vcco10          |       1.000 |     0.000 |       0.000 |      0.000 |       NA    | Unspecified | NA         |
| Vccadc          |       1.800 |     0.008 |       0.000 |      0.008 |       NA    | Unspecified | NA         |
| VCC_PSINTFP     |       0.850 |     0.963 |       0.963 |      0.000 |       NA    | Unspecified | NA         |
| VCC_PSINTLP     |       0.850 |     0.249 |       0.249 |      0.000 |       NA    | Unspecified | NA         |
| VPS_MGTRAVCC    |       0.850 |     0.067 |       0.067 |      0.000 |       NA    | Unspecified | NA         |
| VCC_PSINTFP_DDR |       0.850 |     0.726 |       0.726 |      0.000 |       NA    | Unspecified | NA         |
| VCC_PSPLL       |       1.200 |     0.071 |       0.071 |      0.000 |       NA    | Unspecified | NA         |
| VPS_MGTRAVTT    |       1.800 |     0.025 |       0.025 |      0.000 |       NA    | Unspecified | NA         |
| VCCO_PSDDR_504  |       1.200 |     0.592 |       0.592 |      0.000 |       NA    | Unspecified | NA         |
| VCC_PSAUX       |       1.800 |     0.000 |       0.000 |      0.000 |       NA    | Unspecified | NA         |
| VCC_PSBATT      |       1.200 |     0.000 |       0.000 |      0.000 |       NA    | Unspecified | NA         |
| VCC_PSDDR_PLL   |       1.800 |     0.000 |       0.000 |      0.000 |       NA    | Unspecified | NA         |
| VCCO_PSIO0_500  |       1.800 |     0.000 |       0.000 |      0.000 |       NA    | Unspecified | NA         |
| VCCO_PSIO1_501  |       1.800 |     0.000 |       0.000 |      0.000 |       NA    | Unspecified | NA         |
| VCCO_PSIO2_502  |       1.800 |     0.000 |       0.000 |      0.000 |       NA    | Unspecified | NA         |
| VCCO_PSIO3_503  |       1.800 |     0.000 |       0.000 |      0.000 |       NA    | Unspecified | NA         |
| VCC_PSADC       |       1.800 |     0.000 |       0.000 |      0.000 |       NA    | Unspecified | NA         |
| MGTAVcc         |       0.900 |     0.000 |       0.000 |      0.000 |       NA    | Unspecified | NA         |
| MGTAVtt         |       1.200 |     0.000 |       0.000 |      0.000 |       NA    | Unspecified | NA         |
| MGTVccaux       |       1.800 |     0.000 |       0.000 |      0.000 |       NA    | Unspecified | NA         |
+-----------------+-------------+-----------+-------------+------------+-------------+-------------+------------+


1.3 Confidence Level
--------------------

+-----------------------------+------------+------------------------------------------------+------------------------------------------------------------------------------------------------------------+
| User Input Data             | Confidence | Details                                        | Action                                                                                                     |
+-----------------------------+------------+------------------------------------------------+------------------------------------------------------------------------------------------------------------+
| Design implementation state | High       | Design is routed                               |                                                                                                            |
| Clock nodes activity        | High       | User specified more than 95% of clocks         |                                                                                                            |
| I/O nodes activity          | High       | User specified more than 95% of inputs         |                                                                                                            |
| Internal nodes activity     | Medium     | User specified less than 25% of internal nodes | Provide missing internal nodes activity with simulation results or by editing the "By Resource Type" views |
| Device models               | High       | Device models are Production                   |                                                                                                            |
|                             |            |                                                |                                                                                                            |
| Overall confidence level    | Medium     |                                                |                                                                                                            |
+-----------------------------+------------+------------------------------------------------+------------------------------------------------------------------------------------------------------------+


2. Settings
-----------

2.1 Environment
---------------

+-----------------------+--------------------------+
| Ambient Temp (C)      | 25.0                     |
| ThetaJA (C/W)         | 2.3                      |
| Airflow (LFM)         | 250                      |
| Heat Sink             | medium (Medium Profile)  |
| ThetaSA (C/W)         | 5.5                      |
| Board Selection       | medium (10"x10")         |
| # of Board Layers     | 12to15 (12 to 15 Layers) |
| Board Temperature (C) | 25.0                     |
+-----------------------+--------------------------+


2.2 Clock Constraints
---------------------

+----------+----------------------------------------------------+-----------------+
| Clock    | Domain                                             | Constraint (ns) |
+----------+----------------------------------------------------+-----------------+
| clk_pl_0 | zynq_i/zynq_ultra_ps_e_0/inst/pl_clk_unbuffered[0] |            10.0 |
+----------+----------------------------------------------------+-----------------+


3. Detailed Reports
-------------------

3.1 By Hierarchy
----------------

+-----------------------+-----------+
| Name                  | Power (W) |
+-----------------------+-----------+
| zynq_wrapper          |     2.547 |
|   zynq_i              |     2.547 |
|     led_fade_blink_0  |     0.001 |
|       inst            |     0.001 |
|     zynq_ultra_ps_e_0 |     2.546 |
|       inst            |     2.546 |
+-----------------------+-----------+


